05/17/11 13:39:21: File opened
05/17/11 13:39:34: Experiment started
05/17/11 13:39:35: Connected to peer
05/17/11 13:39:36: Peer Connected
127.0.0.1
05/17/11 13:40:54: Config changed
Packet error rate = 3
05/17/11 13:41:25: Send data
100000000011000100000000001100000000000000110100101000101010000111000111110010101011100111000010101001101011011110101101101111101000111010111110
05/17/11 13:41:25: Received data
05/17/11 13:42:00: Send data
010111100000000000010001000000000010000100000000001111001010101010100001110001111110010101011000111001000101001101011010110101111101111100100011101011111001111110
05/17/11 13:42:00: Received data but discard
05/17/11 13:42:04: User get data
0101010101010101010101010101010101010101010101010101010101010101010101010101010101010101010101010101010101010101010101010101010101010101010101010101010100000000011000100000000001100000000000000110100101000101010000111000111110010101011100111000010101
05/17/11 13:42:04: User get data
0011010110111101011011011111010001110101111101010101010101010101010101010101010101010101010101010101010101010101010101010101010101010101010101010101010101010101010101010101010101010101010101010101010101010101010101010101010101010101010101010101010101
05/17/11 13:42:04: User get data
0101010101010101010101010101010101010101010101010101010101010101010101010101010101010101010101010101010101010101010101010101010101010101010101010101010101010101010101010101010101010101010101010101010101010101010101010101010101010101010101010101010101
05/17/11 13:42:04: User get data
0101010101010101010101010101010101010101010101010101010101010101010101010101010101010101010101010101010101010101010101010101010101010101010101010101010101010101010101010101010101010101010101010101010101010101010101010101010101010101010101010101010101
05/17/11 13:42:05: Send data
011111100000000000110101000000000011000100000010001101001010001010100001110001111000010101111000111001000101001101011011110101101101111100100010101011111001111110
05/17/11 13:42:05: Received data but discard
05/17/11 13:42:55: User get data
0101010101010101010101010101010101010101010101010101010101010101010101010101010101010101010101010101010101010101010101010101010101010101010101010101010101010101010101010101010101010101010101010101010101010101010101010101010101010101010101010101010101
05/17/11 13:42:56: User get data
0101010101010101010101010101010101010101010101010101010101010101010101010101010101010101010101010101010101010101010101010101010101010101010101010101010101010101010101010101010101010101010101010101010101010101010101010101010101010101010101010101010101
05/17/11 13:42:56: User get data
0101010101010101010101010101010101010101010101010101010101010101010101010101010101010101010101010101010101010101010101010101010101010101010101010101010101010101010101010101010101010101010101010101010101010101010101010101010101010101010101010101010101
05/17/11 13:42:56: User get data
0101010101010101010101010101010101010101010101010101010101010101010101010101010101010101010101010101010101010101010101010101010101010101010101010101010101010101010101010101010101010101010101010101010101010101010101010101010101010101010101010101010101
05/17/11 13:42:56: User get data
0101010101010101010101010101010101010101010101010101010101010101010101010101010101010101010101010101010101010101010101010101010101010101010101010101010101010101010101010101010101010101010101010101010101010101010101010101010101010101010101010101010101
05/17/11 13:42:59: Send data
000000000011000100000000001100000000000000110100101000101010000111000111110011101011000111001000101001101011011110101110
05/17/11 13:42:59: Received data
05/17/11 13:43:03: User get data
0101010101010101010101010101010101010101010101010101010101010101010101010101010101010101010101010101010101010101010101010101010101010101010101010101010101010101010101010101010101010101010101010101010101010101010101010101010101010101010101010101010101
05/17/11 13:43:04: User get data
0101010101010101010101010101010101010101010101010101010101010101010101010101010101010101010101010101010101010101010101010101010000000000011000100000000001100000000000000110100101000101010000111000111110011101011000111001000101001101011011110101110101
05/17/11 13:43:24: User get data
0101010101010101010101010101010101010101010101010101010101010101010101010101010101010101010101010101010101010101010101010101010101010101010101010101010101010101010101010101010101010101010101010101010101010101010101010101010101010101010101010101010101
05/17/11 13:43:24: User get data
0101010101010101010101010101010101010101010101010101010101010101010101010101010101010101010101010101010101010101010101010101010101010101010101010101010101010101010101010101010101010101010101010101010101010101010101010101010101010101010101010101010101
05/17/11 13:45:08: Send data
01111110000000000011000100000000001100010000000000110100111000101010000111000111110101010101100011100100010100110101101010010110001111100101111110
05/17/11 13:45:08: Received data
05/17/11 13:45:11: User get data
0101010101010101010101010101010101010101010101010101010101010101010101010101010101010101010101010101010101010101010101010101010101010101010101010101010101010101010101010101010101010101010101010101010101010101010101010101010101010101010101010011111100
05/17/11 13:45:19: User get data
0000000001100010000000000110001000000000011010011100010101000011100011111010101010110001110010001010011010110101001011000111110010111111010101010101010101010101010101010101010101010101010101010101010101010101010101010101010101010101010101010101010101
05/17/11 13:46:30: Send data
01111110000000000011000100000000001101010000000000110101101000101010000111000111110001010101100011101100011100110101001110011110001111100101101110
05/17/11 13:46:30: Received data
05/17/11 13:46:32: User get data
0101010101010101010101010101010101010101010101010101010101010101010101010101010101010101010101010101010101010101010101010101010101010101010101010101010101010100111111000000000001100010000000000110101000000000011010110100010101000011100011111000101010
05/17/11 13:46:47: User get data
1100011101100011100110101001110011110001111100101101110101010101010101010101010101010101010101010101010101010101010101010101010101010101010101010101010101010101010101010101010101010101010101010101010101010101010101010101010101010101010101010101010101
05/17/11 13:48:38: Send data
0111111000000000001100010000010000110001000000000011010001111110
05/17/11 13:48:38: Received data
05/17/11 13:48:40: Test
REQUEST
05/17/11 13:48:43: Test
CONFIRMED
05/17/11 13:48:44: User get data
0101010101010101010101010101010101010101010101010101010101010101010101010101010101010101010101010101010101010101010101010101010101010101010101010101010101010101010101010101010101010101010101010101010101010101010101010101010101010101010101010101010101
05/17/11 13:48:47: User get data
0101010011111100000000000110001000001000011000100000000001101000111111010101010101010101010101010101010101010101010101010101010101010101010101010101010101010101010101010101010101010101010101010101010101010101010101010101010101010101010101010101010101
05/17/11 13:49:58: Send data
0111111000000000001100010000000000110001000000000111010001111110
05/17/11 13:49:58: Received data
05/17/11 13:50:01: User get data
0101010101010101010101010101010101010101010101010101010101010101010101010101010101010101010101010101010101010101010101010101010101010101010101010101010101010101010101010101010101010101010101010101010101010101010101111110000000000011000100000000001100
05/17/11 13:50:11: User get data
0100000000011101000111111001010101010101010101010101010101010101010101010101010101010101010101010101010101010101010101010101010101010101010101010101010101010101010101010101010101010101010101010101010101010101010101010101010101010101010101010101010101
05/17/11 13:51:04: Send data
0111111000000000001100010000000000110001100000000011010101111110
05/17/11 13:51:04: Received data
05/17/11 13:51:05: User get data
0101010101010101010101010101010100111111000000000001100010000000000110001100000000011010101111110101010101010101010101010101010101010101010101010101010101010101010101010101010101010101010101010101010101010101010101010101010101010101010101010101010101
05/17/11 13:51:38: Send data
0111101000000000001100010000000000110001000000000010010001111110
05/17/11 13:51:38: Received data
05/17/11 13:51:46: User get data
0101010101010101010101010101010101010101010101010101010101010101010101010101010101010101010101010101010101010101010101010101010101010101010101010101010101010101010101010101010101010101010101010101010101010101010101010101010101010101010101010101010101
05/17/11 13:51:48: User get data
0101010101010101010101010101010101010101010101010101010101010101010101010101010101010101010101010101010101010101010101010101010101010101010101010101010101010101010101010101010101010101010101010011110100000000000110001000000000011000100000000001001000
05/17/11 13:52:00: Config changed
Packet error rate = 1
05/17/11 13:52:06: User get data
1111110101010101010101010101010101010101010101010101010101010101010101010101010101010101010101010101010101010101010101010101010101010101010101010101010101010101010101010101010101010101010101010101010101010101010101010101010101010101010101010101010101
05/17/11 13:52:07: Send data
0111111000010000001100010000000000110001000000000011010001111110
05/17/11 13:52:07: Received data
05/17/11 13:52:11: User get data
0101010101010101010101010101010101010101010101010101010101010101010101010101010101010101010101010101010101010101010101010101010101010101010101010101010101010101010101010101010101010101010101010101010101010101010101010101010101010101010101010101010101
05/17/11 13:52:12: User get data
0101010101010101010011111100001000000110001000000000011000100000000001101000111111010101010101010101010101010101010101010101010101010101010101010101010101010101010101010101010101010101010101010101010101010101010101010101010101010101010101010101010101
05/17/11 13:52:37: Send data
0111111000000000001100010000000000110001000000000011010001111110
05/17/11 13:52:37: Received data
05/17/11 13:52:39: User get data
0101010101010101010101010101010101010101010101010101010101010101010101010101010101010101010101010101010101010101010101010111111000000000001100010000000000110001000000000011010001111110010101010101010101010101010101010101010101010101010101010101010101
05/17/11 13:52:40: User get data
0101010101010101010101010101010101010101010101010101010101010101010101010101010101010101010101010101010101010101010101010101010101010101010101010101010101010101010101010101010101010101010101010101010101010101010101010101010101010101010101010101010101
05/17/11 13:52:41: User get data
0101010101010101010101010101010101010101010101010101010101010101010101010101010101010101010101010101010101010101010101010101010101010101010101010101010101010101010101010101010101010101010101010101010101010101010101010101010101010101010101010101010101
05/17/11 13:52:42: Send data
0111111000000000001100010000000000110001000000000011010001111110
05/17/11 13:52:42: Received data
05/17/11 13:52:43: User get data
0101010101010101010101010101010101010101010101010101010101010101010101010101010101010101010101010101010101010111111000000000001100010000000000110001000000000011010001111110010101010101010101010101010101010101010101010101010101010101010101010101010101
05/17/11 13:53:08: Send data
0111111000000000001100010000000000110001000000000011010001111110
05/17/11 13:53:08: Received data
05/17/11 13:53:10: User get data
0101010101010101010101010101010101010101010101010101010101010101010101010101111110000000000011000100000000001100010000000000110100011111100101010101010101010101010101010101010101010101010101010101010101010101010101010101010101010101010101010101010101
05/17/11 13:55:34: Config changed
Packet error rate = 3
05/17/11 14:00:05: Send data
0111111010100010101000011100011111000101010010001110010001010011000110111101011011011111001110100111010001101001011000011001111110
05/17/11 14:00:05: Received data
05/17/11 14:00:07: User get data
0101010101010101010101010101010101010101010101010101010101010101010101010101010101010101010101010101010101010101010101010101010101010101010101010101010101010101010101010101010101010101010101010101010101010101010101010101010101010101010101010101010101
05/17/11 14:00:08: User get data
0101010101010101010101010101010101010101010101010101010101010101010101010101010101010101010101010101010101010101010100111111010100010101000011100011111000101010010001110010001010011000110111101011011011111001110100111010001101001011000011001111110101
05/17/11 14:01:40: File Closed
04/09/12 15:40:12: File opened
04/09/12 15:40:48: Experiment started
04/09/12 15:40:49: Peer Connected
127.0.0.1
04/09/12 15:40:50: Connected to peer
04/09/12 15:41:00: Test
REQUEST
04/09/12 15:41:02: Test
CONFIRMED
04/09/12 15:41:11: Send data
101101
04/09/12 15:41:11: Received data
04/09/12 15:41:22: Send data
111111
04/09/12 15:41:22: Received data
04/09/12 15:41:23: Send data
011110
04/09/12 15:41:23: Received data
04/09/12 15:41:27: File Closed
04/09/12 15:40:34: File opened
04/09/12 15:41:18: Experiment started
04/09/12 15:41:28: File Closed
04/09/12 15:41:40: File opened
04/09/12 15:41:49: Experiment started
04/09/12 15:41:53: Connected to peer
04/09/12 15:42:05: Send data
100101
04/09/12 15:42:21: Send data
110110001000
04/09/12 15:42:56: File Closed
04/09/12 15:41:29: File opened
04/09/12 15:41:55: Peer Connected
127.0.0.1
04/09/12 15:42:05: Received data
04/09/12 15:42:08: User get data
0101010101010101010101010101010101010101010010110101010101010101010101010101010101010101010101010101010101010101010101010101010101010101010101010101010101010101010101010101010101010101010101010101010101010101010101010101010101010101010101010101010101
04/09/12 15:42:13: User get data
0101010101010101010101010101010101010101010101010101010101010101010101010101010101010101010101010101010101010101010101010101010101010101010101010101010101010101010101010101010101010101010101010101010101010101010101010101010101010101010101010101010101
04/09/12 15:42:15: User get data
0101010101010101010101010101010101010101010101010101010101010101010101010101010101010101010101010101010101010101010101010101010101010101010101010101010101010101010101010101010101010101010101010101010101010101010101010101010101010101010101010101010101
04/09/12 15:42:17: User get data
0101010101010101010101010101010101010101010101010101010101010101010101010101010101010101010101010101010101010101010101010101010101010101010101010101010101010101010101010101010101010101010101010101010101010101010101010101010101010101010101010101010101
04/09/12 15:42:21: Received data
04/09/12 15:42:23: User get data
0101010101010101010101010101010101010101010101010101010101010101010101010101010101010101010101010101010101010101010101010101010101010101010101010101010101010101010101010101010101010101010101010101010101010101010101010101010101010101010101010101010101
04/09/12 15:42:25: User get data
0101010110110001000101010101010101010101010101010101010101010101010101010101010101010101010101010101010101010101010101010101010101010101010101010101010101010101010101010101010101010101010101010101010101010101010101010101010101010101010101010101010101
04/09/12 15:42:56: Experiment stopped
04/09/12 15:42:57: File Closed
04/23/12 14:09:05: File opened
04/23/12 14:09:12: File Closed
04/27/12 10:09:21: File opened
04/27/12 10:09:26: File Closed
05/11/12 17:09:22: File opened
05/11/12 17:09:42: Config changed
Packet error rate = 6
05/11/12 17:10:16: Group Name assigned!
123
05/11/12 17:10:49: Peer Connected
127.0.0.1
05/11/12 17:11:04: Received data
05/11/12 17:11:07: User get data
0101010101010101010101010101010101010101001111110101010101010101010101010101010101010101010101010101010101010101010101010101010101010101010101010101010101010101010101010101010101010101010101010101010101010101010101010101010101010101010101010101010101
05/11/12 17:11:13: User get data
0101010101010101010101010101010101010101010101010101010101010101010101010101010101010101010101010101010101010101010101010101010101010101010101010101010101010101010101010101010101010101010101010101010101010101010101010101010101010101010101010101010101
05/11/12 17:11:15: User get data
0101010101010101010101010101010101010101010101010101010101010101010101010101010101010101010101010101010101010101010101010101010101010101010101010101010101010101010101010101010101010101010101010101010101010101010101010101010101010101010101010101010101
05/11/12 17:13:40: Send data
0111111010101011101111010101000001001001110110001011010110110111110101101110101111010011011101010101001101101110011000100111110001100101010011010010000001110011011000010110101111100111110101111011101111010010111101101011100001111110
05/11/12 17:17:27: Send data
11111110101010111011110101010000010010011101100010110101101101111101011011101011110100110111010101010011011011100110001001110100111001010100110100100000011100110110000101101011111101111101011110111011110100101111011010111000010010100100001001111110
05/11/12 17:18:32: Send data
01111110101010111011110101010000010010011101100010110101101101111101011011101011110100110111010101010011011011100110001001110100011001010100110100100000011100110110000101101011111101111101011110111011110100101111011010111000010010100100001001111110
05/11/12 17:21:45: File Closed
05/11/12 17:09:51: File opened
05/11/12 17:10:01: Config changed
Packet error rate = 6
05/11/12 17:10:11: Group Name assigned!
123
05/11/12 17:10:46: Experiment started
05/11/12 17:10:48: Connected to peer
05/11/12 17:11:04: Send data
01111110
05/11/12 17:13:40: Received data
05/11/12 17:13:42: User get data
0101010101010101010101010101010101010101010101010101010101010101010101010101010101111110101010111011110101010000010010011101100010110101101101111101011011101011110100110111010101010011011011100110001001111100011001010100110100100000011100110110000101
05/11/12 17:14:05: User get data
1010111110011111010111101110111101001011110110101110000111111001010101010101010101010101010101010101010101010101010101010101010101010101010101010101010101010101010101010101010101010101010101010101010101010101010101010101010101010101010101010101010101
05/11/12 17:17:27: Received data
05/11/12 17:17:31: User get data
0101010101010101010101010101010101010101010101010101010101010101010101010101010101010101010101011111110101010111011110101010000010010011101100010110101101101111101011011101011110100110111010101010011011011100110001001110100111001010100110100100000011
05/11/12 17:17:43: User get data
1001101100001011010111111011111010111101110111101001011110110101110000100101001000010011111101010101010101010101010101010101010101010101010101010101010101010101010101010101010101010101010101010101010101010101010101010101010101010101010101010101010101
05/11/12 17:18:32: Received data
05/11/12 17:18:40: User get data
0101010101010101010101010101010101010101010101010101010101010101010101011111101010101110111101010100000100100111011000101101011011011111010110111010111101001101110101010100110110111001100010011101000110010101001101001000000111001101100001011010111111
05/11/12 17:18:50: User get data
0111110101111011101111010010111101101011100001001010010000100111111001010101010101010101010101010101010101010101010101010101010101010101010101010101010101010101010101010101010101010101010101010101010101010101010101010101010101010101010101010101010101
05/11/12 17:21:45: Experiment stopped
05/11/12 17:21:47: File Closed
04/09/14 17:25:51: File opened
04/09/14 17:26:24: File Closed
04/09/14 17:26:55: File opened
04/09/14 17:27:13: File Closed
04/10/14 08:15:24: File opened
04/10/14 08:15:32: Experiment started
04/10/14 08:15:34: Peer Connected
127.0.0.1
04/10/14 08:15:34: Connected to peer
04/10/14 08:15:53: Send data
110100111011010101001
04/10/14 08:15:53: Received data
04/10/14 08:15:56: User get data
0101010101010101010101010101010101010101010101010101010101010101010101010101010101010101010101010101010101010101010101101001110110101010010101010101010101010101010101010101010101010101010101010101010101010101010101010101010101010101010101010101010101
04/10/14 08:16:07: User get data
0101010101010101010101010101010101010101010101010101010101010101010101010101010101010101010101010101010101010101010101010101010101010101010101010101010101010101010101010101010101010101010101010101010101010101010101010101010101010101010101010101010101
04/10/14 08:16:08: User get data
0101010101010101010101010101010101010101010101010101010101010101010101010101010101010101010101010101010101010101010101010101010101010101010101010101010101010101010101010101010101010101010101010101010101010101010101010101010101010101010101010101010101
04/10/14 08:16:26: File Closed
03/23/19 21:34:26: File opened
03/23/19 21:35:03: Experiment started
03/23/19 21:35:05: Peer Connected
127.0.0.1
03/23/19 21:35:06: Connected to peer
03/23/19 21:35:24: Send data
10000111111111111110101011011100011100001
03/23/19 21:35:24: Received data
03/23/19 21:35:28: User get data
0101010101010101010101010101010101010101010101010101010101010101010101010101010101010101010101010101010101010101010101010101010101010101010101010101010101010101010101010101010101010101010101010101010101010101010101010101010101010101010101010101010101
03/23/19 21:35:33: User get data
0101010101010101010101010101010101010101010101010101010101010101010101010101010101010101010101010101010101010101010101010101010101010101010101010101010101010101010101010101010110000111111111111110101011011100011100001101010101010101010101010101010101
03/23/19 21:35:37: User get data
0101010101010101010101010101010101010101010101010101010101010101010101010101010101010101010101010101010101010101010101010101010101010101010101010101010101010101010101010101010101010101010101010101010101010101010101010101010101010101010101010101010101
03/23/19 21:35:38: User get data
0101010101010101010101010101010101010101010101010101010101010101010101010101010101010101010101010101010101010101010101010101010101010101010101010101010101010101010101010101010101010101010101010101010101010101010101010101010101010101010101010101010101
03/23/19 21:35:46: Experiment stopped
03/23/19 21:35:49: File Closed
03/26/19 22:57:31: File opened
03/26/19 22:57:40: File Closed
04/08/19 13:20:59: File opened
04/08/19 13:21:07: File Closed
04/11/21 15:00:16: File opened
04/11/21 15:00:36: File Closed
04/11/21 15:01:09: File opened
04/11/21 15:24:58: File Closed
04/11/21 15:24:16: File opened
04/11/21 15:24:45: Experiment started
04/11/21 15:24:47: Connected to peer
04/11/21 15:24:58: Experiment stopped
04/11/21 15:25:06: Experiment started
04/11/21 15:25:32: Config changed
Packet error rate = 20
04/11/21 15:25:55: Test
REQUEST
04/11/21 15:25:56: Test
REQUEST
04/11/21 15:25:59: File Closed
04/11/21 15:23:51: File opened
04/11/21 15:24:51: Experiment started
04/11/21 15:25:30: Config changed
Packet error rate = 20
04/11/21 15:26:00: File Closed
04/11/21 15:26:03: File opened
04/11/21 15:26:54: Peer Connected
127.0.0.1
04/11/21 15:27:08: Send data
0111111111111111111101111111
04/11/21 15:27:24: Test
ACK
04/11/21 15:27:29: Test
ACK
04/11/21 15:27:46: User get data
0101010101010101010101010101010101010101010101010101010101010101010101010101010101010101010101010101010101010101010101010101010101010101010101010101010101010101010101010101010101010101010101010101010101010101010101010101010101010101010101010101010101
04/11/21 15:27:47: User get data
0101010101010101010101010101010101010101010101010101010101010101010101010101010101010101010101010101010101010101010101010101010101010101010101010101010101010101010101010101010101010101010101010101010101010101010101010101010101010101010101010101010101
04/11/21 15:27:47: User get data
0101010101010101010101010101010101010101010101010101010101010101010101010101010101010101010101010101010101010101010101010101010101010101010101010101010101010101010101010101010101010101010101010101010101010101010101010101010101010101010101010101010101
04/11/21 15:27:47: User get data
0101010101010101010101010101010101010101010101010101010101010101010101010101010101010101010101010101010101010101010101010101010101010101010101010101010101010101010101010101010101010101010101010101010101010101010101010101010101010101010101010101010101
04/11/21 15:27:55: Received data
04/11/21 15:27:59: User get data
0101010101010101010101010101010101010101010101010101010101010101010101010101010101010101010101010101010101010101010101010101010101010101010101010101010101010101010101010101010101010101010101010101010101010101010101010101010101010101010101010101010101
04/11/21 15:28:00: User get data
0101010101010101010101010101010101010101010101010101010101010101010101010101010101010101010101010101010101010101010101010101010101010101010101010101010101010101010101010101010101010101010101010101010101010000000000000000000000000000001000000101010101
04/11/21 15:28:10: File Closed
04/11/21 15:26:34: File opened
04/11/21 15:26:49: Experiment started
04/11/21 15:26:55: Connected to peer
04/11/21 15:27:08: Received data
04/11/21 15:27:12: User get data
0101010101010101010101010101010101010101011111111111111111110111111101010101010101010101010101010101010101010101010101010101010101010101010101010101010101010101010101010101010101010101010101010101010101010101010101010101010101010101010101010101010101
04/11/21 15:27:24: Test
REQUEST
04/11/21 15:27:26: Test
CONFIRMED
04/11/21 15:27:29: Test
REQUEST
04/11/21 15:27:30: Test
CONFIRMED
04/11/21 15:27:55: Send data
000000000000000000000000000000100000
04/11/21 15:28:10: Experiment stopped
04/11/21 15:28:11: File Closed
03/26/22 15:38:34: File opened
03/26/22 15:38:44: Experiment started
03/26/22 15:38:45: Connected to peer
03/26/22 15:38:46: Peer Connected
127.0.0.1
03/26/22 15:38:55: Send data
10000000
03/26/22 15:38:55: Received data
03/26/22 15:38:57: User get data
0101010101010101010101010101010101010101010101010101010101010101010101010101010101010101010101010101010101010101010101010101010101010101010101010101010101010101010101010101010101010101010101010101010101010101010101010101010101010101010101010101010101
03/26/22 15:39:01: Send data
00001000
03/26/22 15:39:01: Received data
03/26/22 15:39:02: User get data
0101010110000000010101010101010101010101010101010101010101010101010101010101010101010101010101010101010101010101010101010101010101010101010101010100000100010101010101010101010101010101010101010101010101010101010101010101010101010101010101010101010101
03/26/22 15:39:33: Config changed
Packet error rate = 0
03/26/22 15:39:34: Send data
00000000
03/26/22 15:39:34: Received data
03/26/22 15:39:35: User get data
0101010101010101010101010101010101000000000101010101010101010101010101010101010101010101010101010101010101010101010101010101010101010101010101010101010101010101010101010101010101010101010101010101010101010101010101010101010101010101010101010101010101
03/26/22 16:03:41: File Closed
03/27/22 16:26:40: File opened
03/27/22 16:26:45: Config changed
Packet error rate = 0
03/27/22 16:26:52: Experiment started
03/27/22 16:26:53: Connected to peer
03/27/22 16:26:54: Peer Connected
127.0.0.1
03/27/22 16:35:15: Send data
101100010100100110111110111110111010111101110001100101011110101011100
03/27/22 16:35:15: Received data
03/27/22 16:35:16: User get data
0101010101010101010101010101010101010101010101010101010101010101010101010101010101010101010101010101010101010101010101010101010101010101010101010101010101010101010101010101010101010101010101010101010101010101010101010101010101010101010101010101010101
03/27/22 16:35:19: User get data
0101011011000101001001101111101111101110101111011100011001010111101010111001010101010101010101010101010101010101010101010101010101010101010101010101010101010101010101010101010101010101010101010101010101010101010101010101010101010101010101010101010101
03/27/22 18:19:18: File Closed
03/29/22 11:15:18: File opened
03/29/22 11:15:28: Experiment started
03/29/22 11:15:28: Connected to peer
03/29/22 11:15:29: Peer Connected
127.0.0.1
03/29/22 11:15:38: Send data
00110111010101011100110010101111010111000011100011110001000011001001
03/29/22 11:15:38: Received data
03/29/22 11:15:40: User get data
0101010101010101010101010101010101010101010101010101010101010101010101010101010101010101010101010101010101010101010101010101010101010101010101010101010101010101010101010101010101010101010101010101010101010101010101010101010101010101010101010101010101
03/29/22 11:15:43: User get data
0101010101010101001101110101010111001100101011110101110000111000111100010000110010010101010101010101010101010101010101010101010101010101010101010101010101010101010101010101010101010101010101010101010101010101010101010101010101010101010101010101010101
03/29/22 11:17:13: Send data
10110111010001011100111010101111010111000011100011110000000011001000
03/29/22 11:17:13: Received data
03/29/22 11:17:13: User get data
0101010101010101010101010101010101010101010101010101010101010101010101010101010101010101010101010101010110111010001011100111010101111010111000011100011110000000011001000101010101010101010101010101010101010101010101010101010101010101010101010101010101
03/29/22 11:18:31: Config changed
Packet error rate = 0
03/29/22 11:18:32: Send data
10110111010001011100111010101111010111000011100011110001000011001001
03/29/22 11:18:32: Received data
03/29/22 11:18:33: User get data
0101010101010101010101010101010101010101010101010101010101010101010101010101010101010101010101010101010101010101010101010101010101010101010101010101010101010101010101010101010101010101010101010101011011101000101110011101010111101011100001110001111000
03/29/22 11:18:37: User get data
1000011001001101010101010101010101010101010101010101010101010101010101010101010101010101010101010101010101010101010101010101010101010101010101010101010101010101010101010101010101010101010101010101010101010101010101010101010101010101010101010101010101
03/29/22 11:18:39: Send data
10110111010001011100111010101111010111000011100011110001000011001001
03/29/22 11:18:39: Received data
03/29/22 11:18:40: User get data
0101010101010101010101010101010101010101010101010101010101010101010101010101010101010101010101101101110100010111001110101011110101110000111000111100010000110010010101010101010101010101010101010101010101010101010101010101010101010101010101010101010101
03/29/22 11:59:04: Send data
10110111010001011100111010101111010111000011100011110001000011001001
03/29/22 11:59:04: Received data
03/29/22 11:59:05: User get data
0101010101010101010101010101010101010101010101010101010101010101010101010101010101010101010101010101010101010101010101010101010101010101010101010101010101010101010101010101010101010101010101010101010101010101010101010101010101010101010101010101010101
03/29/22 11:59:08: User get data
0101010101010101010101010101010101010101010101010101010101010101010101010101010101010101010101010101010101010101010101010101010101010101010101010101010101010101010101010101010101010101010101010101010101010101010101010101010101010101010101010101010101
03/29/22 11:59:11: User get data
0101010101010101010101011011101000101110011101010111101011100001110001111000100001100100110101010101010101010101010101010101010101010101010101010101010101010101010101010101010101010101010101010101010101010101010101010101010101010101010101010101010101
03/29/22 12:00:54: Config changed
Packet error rate = 1
03/29/22 12:00:57: Send data
10110111010001011100111010101111010111000011100011110001000011001001
03/29/22 12:00:57: Received data
03/29/22 12:00:57: User get data
0101010101010101010101010101010101010101010101010101010101010101010101010101010101010101010101010101010101010101010101010101010101010101010101010101010101010101010101010101010101010101010101010101010101010101010101010101010101010101010101010101010101
03/29/22 12:00:59: User get data
0101010101010101010101010101010101010101010101010101010101010101010101010101010101010101010101010101010101010101010101010101010101010101010101010101010101010101010101010101010101010110110111010001011100111010101111010111000011100011110001000011001001
03/29/22 12:01:02: User get data
0101010101010101010101010101010101010101010101010101010101010101010101010101010101010101010101010101010101010101010101010101010101010101010101010101010101010101010101010101010101010101010101010101010101010101010101010101010101010101010101010101010101
03/29/22 12:01:03: User get data
0101010101010101010101010101010101010101010101010101010101010101010101010101010101010101010101010101010101010101010101010101010101010101010101010101010101010101010101010101010101010101010101010101010101010101010101010101010101010101010101010101010101
03/29/22 12:01:03: User get data
0101010101010101010101010101010101010101010101010101010101010101010101010101010101010101010101010101010101010101010101010101010101010101010101010101010101010101010101010101010101010101010101010101010101010101010101010101010101010101010101010101010101
03/29/22 12:01:03: User get data
0101010101010101010101010101010101010101010101010101010101010101010101010101010101010101010101010101010101010101010101010101010101010101010101010101010101010101010101010101010101010101010101010101010101010101010101010101010101010101010101010101010101
03/29/22 12:01:04: User get data
0101010101010101010101010101010101010101010101010101010101010101010101010101010101010101010101010101010101010101010101010101010101010101010101010101010101010101010101010101010101010101010101010101010101010101010101010101010101010101010101010101010101
03/29/22 12:01:04: Send data
10110111010001011100111010101111010111000011100011110001000011001001
03/29/22 12:01:04: Received data
03/29/22 12:01:05: User get data
0101010101010101010101010101010101010101010101010101010101010101010101010101010101010101010101010101010101010101010101010101010101010101010101010101010101010101010101010101010101010101010101010101010101010101010101010101010101010101010101010101010101
03/29/22 12:01:06: User get data
0101010101010101010101010101010101010101010101010101010101010101010101010101010101010101010101010101010101010101010101010101101110100010111001110101011110101110000111000111100010000110010011010101010101010101010101010101010101010101010101010101010101
03/29/22 12:01:27: Send data
10110111010001011100111010101111010111000011100011110001000011001001
03/29/22 12:01:27: Received data
03/29/22 12:01:28: User get data
0101010101010101010101010101010101010101010101101101110100010111001110101011110101110000111000111100010000110010010101010101010101010101010101010101010101010101010101010101010101010101010101010101010101010101010101010101010101010101010101010101010101
03/29/22 12:01:42: Send data
10110111010001011100111010101111010111000011100011110001000011001001
03/29/22 12:01:42: Received data
03/29/22 12:01:43: User get data
0101010101010101010101010101010101010101010101010101010101010101010101010101010101010101010101010101010101010101010101010101010101010101010101010101010101010101010101010101010101010101010101010101010101010101010101010101010101010101010101010101010101
03/29/22 12:01:44: User get data
0101010101010101010101010101010101010101010101010101010101010101010101010101010101010101010101010101010101010101010101010101010101010110111010001011100111010101111010111000011100011110001000011001001101010101010101010101010101010101010101010101010101
03/29/22 12:02:04: Config changed
Packet error rate = 30
03/29/22 12:02:07: Send data
10110111010001011100111010101111010111000011100011110001000011001001
03/29/22 12:02:07: Received data
03/29/22 12:02:07: User get data
0101010101010101010101010101010101010101010101010101010101010101010101010101010101010101010101010101101110100010111001110101011110101110000111000111100010000110010011010101010101010101010101010101010101010101010101010101010101010101010101010101010101
03/29/22 12:02:31: Send data
10110111010001011100111010101111010111000011100011110001000011001001
03/29/22 12:02:31: Received data
03/29/22 12:02:33: User get data
0101010101010101010101010101010101010101010101010101010101010101010101010101010101010101010101010101010101010101010101010101010101010101010101010101010101010101010101010101010101010101010101010101010101010101010101010101010101010101010101010101010101
03/29/22 12:02:34: User get data
0101010101010101010101010101010101010101010101010101010101010101010101010101010101010101010101010101010101010101010101010101010101010101010101010101010101010101010101010101010101010101010101010101011011011101000101110011101010111101011100001110001111
03/29/22 12:02:48: Send data
10110111010000011100111010101111010111000011100011110001100011001001
03/29/22 12:02:48: Received data
03/29/22 12:02:49: User get data
0001000011001001010101010101010101010101010101010101010101010101010101010101010101010101010101010101010101010101010101010101010101010101010101010101010101010101010101010101010101010101010101010101010101010101010101010101010101010101010101010101010101
03/29/22 12:02:52: User get data
0101010101010101010101010101010101010101010101010101010101010101010101010101010101010101010101010101010101010101010101010101010101010101010101010101010101010101010101010101010101010101010101010101010101010101010101011011101000001110011101010111101011
03/29/22 12:03:06: Send data
10110110010001011100111010101111010101000011100010110001000011001001
03/29/22 12:03:06: Received data
03/29/22 12:03:07: User get data
1000011100011110001100011001001101010101010101010101010101010101010101010101010101010101010101010101010101010101010101010101010101010101010101010101010101010101010101010101010101010101010101010101010101010101010101010101010101010101010101010101010101
03/29/22 12:03:09: User get data
0101010101010101010101010101010101010101010101010101010101010101010101010101010101101100100010111001110101011110101010000111000101100010000110010011010101010101010101010101010101010101010101010101010101010101010101010101010101010101010101010101010101
03/29/22 12:03:10: User get data
0101010101010101010101010101010101010101010101010101010101010101010101010101010101010101010101010101010101010101010101010101010101010101010101010101010101010101010101010101010101010101010101010101010101010101010101010101010101010101010101010101010101
03/29/22 12:03:10: User get data
0101010101010101010101010101010101010101010101010101010101010101010101010101010101010101010101010101010101010101010101010101010101010101010101010101010101010101010101010101010101010101010101010101010101010101010101010101010101010101010101010101010101
03/29/22 12:03:10: User get data
0101010101010101010101010101010101010101010101010101010101010101010101010101010101010101010101010101010101010101010101010101010101010101010101010101010101010101010101010101010101010101010101010101010101010101010101010101010101010101010101010101010101
03/29/22 12:03:10: User get data
0101010101010101010101010101010101010101010101010101010101010101010101010101010101010101010101010101010101010101010101010101010101010101010101010101010101010101010101010101010101010101010101010101010101010101010101010101010101010101010101010101010101
03/29/22 12:03:11: User get data
0101010101010101010101010101010101010101010101010101010101010101010101010101010101010101010101010101010101010101010101010101010101010101010101010101010101010101010101010101010101010101010101010101010101010101010101010101010101010101010101010101010101
03/29/22 12:03:11: User get data
0101010101010101010101010101010101010101010101010101010101010101010101010101010101010101010101010101010101010101010101010101010101010101010101010101010101010101010101010101010101010101010101010101010101010101010101010101010101010101010101010101010101
03/29/22 12:03:11: User get data
0101010101010101010101010101010101010101010101010101010101010101010101010101010101010101010101010101010101010101010101010101010101010101010101010101010101010101010101010101010101010101010101010101010101010101010101010101010101010101010101010101010101
03/29/22 12:03:11: User get data
0101010101010101010101010101010101010101010101010101010101010101010101010101010101010101010101010101010101010101010101010101010101010101010101010101010101010101010101010101010101010101010101010101010101010101010101010101010101010101010101010101010101
03/29/22 12:03:12: Send data
101101110100003/29/22 17:50:00: File opened
03/29/22 17:50:08: Experiment started
03/29/22 17:50:09: Connected to peer
03/29/22 17:50:10: Peer Connected
127.0.0.1
03/29/22 17:50:12: Send data
0101110010111001111011011100000011011010110001001110001011000101110110001011010111100100101101011111111010110001110010001011011111000011110100111010011110111001
03/29/22 17:50:12: Received data
03/29/22 17:50:13: User get data
0101010101010101010101010101010101010101010101010101010101010101010101010101010101010101010101010101010101010101010101010101010101010101010101010101010101010101010101010101010101010101010101010101010101010101010101010101010101010101010101010101010101
03/29/22 17:50:15: User get data
0101010101010101010101010101010101010101010101010101010101010101010101010101010101010101010101010101010010111001011100111101101110000001101101011000100111000101100010111011000101101011110010010110101111111101011000111001000101101111100001111010011101
03/29/22 18:00:12: Config changed
Packet error rate = 20
03/29/22 18:00:16: User get data
0011110111001101010101010101010101010101010101010101010101010101010101010101010101010101010101010101010101010101010101010101010101010101010101010101010101010101010101010101010101010101010101010101010101010101010101010101010101010101010101010101010101
03/29/22 18:00:18: User get data
0101010101010101010101010101010101010101010101010101010101010101010101010101010101010101010101010101010101010101010101010101010101010101010101010101010101010101010101010101010101010101010101010101010101010101010101010101010101010101010101010101010101
03/29/22 18:00:19: Send data
1101100010111001111011011100000011011010110101001110001011001101110110001011010111000100101101011011111010110001110110001011010111000011111100111010011110111011
03/29/22 18:00:19: Received data
03/29/22 18:00:20: User get data
0101010101010101010101010101010101010101010101010101010101010101010101010101010101010110110001011100111101101110000001101101011010100111000101100110111011000101101011100010010110101101111101011000111011000101101011100001111110011101001111011101110101
03/29/22 18:00:42: User get data
0101010101010101010101010101010101010101010101010101010101010101010101010101010101010101010101010101010101010101010101010101010101010101010101010101010101010101010101010101010101010101010101010101010101010101010101010101010101010101010101010101010101
03/29/22 18:00:53: User get data
0101010101010101010101010101010101010101010101010101010101010101010101010101010101010101010101010101010101010101010101010101010101010101010101010101010101010101010101010101010101010101010101010101010101010101010101010101010101010101010101010101010101
03/29/22 18:00:55: Send data
1101110010111001111011011110000011011010110101001110001011001101110110001011010111000100101101010011111010111001110110001011010111000011110100111010011110111011
03/29/22 18:00:55: Received data
03/29/22 18:00:56: User get data
0101010101010101010101010101010101010101010101010101010101010101010101010101010101010101010101010101010101010101010101010101010101010101010101010101010101010101010101010101010101010101010101010101010101010101010101010101010101010101010101010101010101
03/29/22 18:00:57: User get data
0101010101010101010101010101010101010101010101010101010101010101010101010101010101010101010101010101010101010101010101010101010101010101010101010101010101011101110010111001111011011110000011011010110101001110001011001101110110001011010111000100101101
03/29/22 18:01:44: Config changed
Packet error rate = 0
03/29/22 18:01:48: User get data
0100111110101110011101100010110101110000111101001110100111101110110101010101010101010101010101010101010101010101010101010101010101010101010101010101010101010101010101010101010101010101010101010101010101010101010101010101010101010101010101010101010101
03/29/22 18:01:49: User get data
0101010101010101010101010101010101010101010101010101010101010101010101010101010101010101010101010101010101010101010101010101010101010101010101010101010101010101010101010101010101010101010101010101010101010101010101010101010101010101010101010101010101
03/29/22 18:01:50: Send data
1101110010111001111011011100000011011010110101001110001011001101110110001011010111000100101101011011111010110001110110001011010111000011110100111010011110111011
03/29/22 18:01:50: Received data
03/29/22 18:01:51: User get data
0101010101010101010101010101010101010101010101010101010101010101010101010101010101010101010101010101010101010101010101101110010111001111011011100000011011010110101001110001011001101110110001011010111000100101101011011111010110001110110001011010111000
03/29/22 18:02:03: User get data
0111101001110100111101110111010101010101010101010101010101010101010101010101010101010101010101010101010101010101010101010101010101010101010101010101010101010101010101010101010101010101010101010101010101010101010101010101010101010101010101010101010101
03/29/22 18:02:24: Test
REQUEST
03/29/22 18:02:25: Test
CONFIRMED
03/29/22 18:02:28: Send data
1101110010111001111011011100000011011010110101001110001011001101110110001011010111000100101101011011111010110001110110001011010111000011110100111010011110111011
03/29/22 18:02:28: Received data
03/29/22 18:02:29: User get data
0101010101010101010101010101010101010101010101010101010101010101010101010101010101010101110111001011100111101101110000001101101011010100111000101100110111011000101101011100010010110101101111101011000111011000101101011100001111010011101001111011101101
03/29/22 18:02:38: User get data
0101010101010101010101010101010101010101010101010101010101010101010101010101010101010101010101010101010101010101010101010101010101010101010101010101010101010101010101010101010101010101010101010101010101010101010101010101010101010101010101010101010101
03/29/22 18:02:38: User get data
0101010101010101010101010101010101010101010101010101010101010101010101010101010101010101010101010101010101010101010101010101010101010101010101010101010101010101010101010101010101010101010101010101010101010101010101010101010101010101010101010101010101
03/29/22 18:02:39: User get data
0101010101010101010101010101010101010101010101010101010101010101010101010101010101010101010101010101010101010101010101010101010101010101010101010101010101010101010101010101010101010101010101010101010101010101010101010101010101010101010101010101010101
03/29/22 18:02:39: User get data
0101010101010101010101010101010101010101010101010101010101010101010101010101010101010101010101010101010101010101010101010101010101010101010101010101010101010101010101010101010101010101010101010101010101010101010101010101010101010101010101010101010101
03/29/22 18:02:39: User get data
0101010101010101010101010101010101010101010101010101010101010101010101010101010101010101010101010101010101010101010101010101010101010101010101010101010101010101010101010101010101010101010101010101010101010101010101010101010101010101010101010101010101
03/29/22 18:02:39: User get data
0101010101010101010101010101010101010101010101010101010101010101010101010101010101010101010101010101010101010101010101010101010101010101010101010101010101010101010101010101010101010101010101010101010101010101010101010101010101010101010101010101010101
03/29/22 18:02:40: Send data
1101110010111001111011011100000011011010110101001110001011001101110110001011010111000100101101011011111010110001110110001011010111000011110100111010011110111011
03/29/22 18:02:40: Received data
03/29/22 18:02:41: User get data
0101010101010101010101010101010101010101010101010101010101010101010101010101010101010101010101010101010101010101010101010101010101010101010101010101010101010101010101010101010101010101010101010101010101010111011100101110011110110111000000110110101101
03/29/22 18:02:57: User get data
0100111000101100110111011000101101011100010010110101101111101011000111011000101101011100001111010011101001111011101101010101010101010101010101010101010101010101010101010101010101010101010101010101010101010101010101010101010101010101010101010101010101
03/29/22 18:04:03: User get data
0101010101010101010101010101010101010101010101010101010101010101010101010101010101010101010101010101010101010101010101010101010101010101010101010101010101010101010101010101010101010101010101010101010101010101010101010101010101010101010101010101010101
03/29/22 18:04:03: User get data
0101010101010101010101010101010101010101010101010101010101010101010101010101010101010101010101010101010101010101010101010101010101010101010101010101010101010101010101010101010101010101010101010101010101010101010101010101010101010101010101010101010101
03/29/22 18:04:03: User get data
0101010101010101010101010101010101010101010101010101010101010101010101010101010101010101010101010101010101010101010101010101010101010101010101010101010101010101010101010101010101010101010101010101010101010101010101010101010101010101010101010101010101
03/29/22 18:04:04: User get data
0101010101010101010101010101010101010101010101010101010101010101010101010101010101010101010101010101010101010101010101010101010101010101010101010101010101010101010101010101010101010101010101010101010101010101010101010101010101010101010101010101010101
03/29/22 18:04:04: Send data
1000111101111001011110011111011011110000000110110101101010011110000101100110111101100001011010111100001001011010110111111010110000111101100001011010111100000111110100111101001111101111011010101110
03/29/22 18:04:04: Received data
03/29/22 18:04:05: User get data
0101010101010101010101010101010101010101010101010101010101010101010101010101010101010101010101010101010101010101010101010101010101010101100011110111100101111001111101101111000000011011010110101001111000010110011011110110000101101011110000100101101011
03/29/22 18:04:17: User get data
0111111010110000111101100001011010111100000111110100111101001111101111011010101110010101010101010101010101010101010101010101010101010101010101010101010101010101010101010101010101010101010101010101010101010101010101010101010101010101010101010101010101
03/29/22 18:04:32: Config changed
Packet error rate = 20
03/29/22 18:04:33: User get data
0101010101010101010101010101010101010101010101010101010101010101010101010101010101010101010101010101010101010101010101010101010101010101010101010101010101010101010101010101010101010101010101010101010101010101010101010101010101010101010101010101010101
03/29/22 18:04:33: User get data
0101010101010101010101010101010101010101010101010101010101010101010101010101010101010101010101010101010101010101010101010101010101010101010101010101010101010101010101010101010101010101010101010101010101010101010101010101010101010101010101010101010101
03/29/22 18:04:33: User get data
0101010101010101010101010101010101010101010101010101010101010101010101010101010101010101010101010101010101010101010101010101010101010101010101010101010101010101010101010101010101010101010101010101010101010101010101010101010101010101010101010101010101
03/29/22 18:04:33: User get data
0101010101010101010101010101010101010101010101010101010101010101010101010101010101010101010101010101010101010101010101010101010101010101010101010101010101010101010101010101010101010101010101010101010101010101010101010101010101010101010101010101010101
03/29/22 18:04:34: Send data
1001111101111001011110011111011011110000000110110101101010011110000101100110111100100001011010111100001001011010110111111010110000011101100001011010111100000111110100111101001111101111011010101110
03/29/22 18:04:34: Received data
03/29/22 18:04:34: User get data
0101010101010101010101010101010101010101010101010101010101010101010101010101010101010101010101010101010101010101010101010101010101010101010101010101010101010101010101010101010011111011110010111100111110110111100000001101101011010100111100001011001101
03/29/22 18:04:35: User get data
1110010000101101011110000100101101011011111101011000001110110000101101011110000011111010011110100111110111101101010111010101010101010101010101010101010101010101010101010101010101010101010101010101010101010101010101010101010101010101010101010101010101
03/29/22 18:04:36: User get data
0101010101010101010101010101010101010101010101010101010101010101010101010101010101010101010101010101010101010101010101010101010101010101010101010101010101010101010101010101010101010101010101010101010101010101010101010101010101010101010101010101010101
03/29/22 18:04:36: User get data
0101010101010101010101010101010101010101010101010101010101010101010101010101010101010101010101010101010101010101010101010101010101010101010101010101010101010101010101010101010101010101010101010101010101010101010101010101010101010101010101010101010101
03/29/22 18:04:37: Send data
1000111101111001011110011111011011110000000110110100101010011110000101100110111101100001011010111100001001010010110111111010110000111101100001011010111100000111110100111101001101101111011011101110
03/29/22 18:04:37: Received data
03/29/22 18:04:38: User get data
0101010101010101010101010101010101010101010101010101010101010101010101010101010101010101010101010101010101010101010101010101010101010101010101010101010101010101010101010101010101010101010101010101010101010101000111101111001011110011111011011110000000
03/29/22 18:05:00: User get data
1101101001010100111100001011001101111011000010110101111000010010100101101111110101100001111011000010110101111000001111101001111010011011011110110111011101010101010101010101010101010101010101010101010101010101010101010101010101010101010101010101010101
03/29/22 18:05:19: User get data
0101010101010101010101010101010101010101010101010101010101010101010101010101010101010101010101010101010101010101010101010101010101010101010101010101010101010101010101010101010101010101010101010101010101010101010101010101010101010101010101010101010101
03/29/22 18:05:20: User get data
0101010101010101010101010101010101010101010101010101010101010101010101010101010101010101010101010101010101010101010101010101010101010101010101010101010101010101010101010101010101010101010101010101010101010101010101010101010101010101010101010101010101
03/29/22 18:05:20: User get data
0101010101010101010101010101010101010101010101010101010101010101010101010101010101010101010101010101010101010101010101010101010101010101010101010101010101010101010101010101010101010101010101010101010101010101010101010101010101010101010101010101010101
03/29/22 18:05:20: Send data
1000111101111001011111011111011011110000000110110101101010011110000101100110111101100001001010111100001001011010110111111010110010111101100001011010111100000111110100111101001111101111011000101110
03/29/22 18:05:20: Received data
03/29/22 18:05:21: User get data
0101010101010101010101010101010101010101010101010101010101010101010101010101010101010101010101010101010101010101010101010101010101010101010101010101010101010101010101010101010101010101010101010101010101010101010101010101010101010101010101010101010101
03/29/22 18:05:22: User get data
0101010101010101010101010101010101010101010101010101010101010101010101010101010101010101010101010101010101010101010101010101010101010101010101010101010101010101010101010101010101011000111101111001011111011111011011110000000110110101101010011110000101
03/29/22 18:05:47: User get data
1001101111011000010010101111000010010110101101111110101100101111011000010110101111000001111101001111010011111011110110001011100101010101010101010101010101010101010101010101010101010101010101010101010101010101010101010101010101010101010101010101010101
03/29/22 18:06:08: File Closed
03/29/22 18:07:20: File opened
03/29/22 18:07:38: Experiment started
03/29/22 18:07:39: Peer Connected
127.0.0.1
03/29/22 18:07:40: Connected to peer
03/29/22 18:07:43: Send data
00001111011010010101100111110111111100000001101101011010100111100001011001101100001110
03/29/22 18:07:43: Received data
03/29/22 18:07:44: User get data
0101010101010101010101010101010101010101010101010101010101010101010101010101010101010101010101010101010101010101010101010101010101010101010101010101010101010101010101000011110110100101011001111101111111000000011011010110101001111000010110011011000011
03/29/22 18:07:57: User get data
1001010101010101010101010101010101010101010101010101010101010101010101010101010101010101010101010101010101010101010101010101010101010101010101010101010101010101010101010101010101010101010101010101010101010101010101010101010101010101010101010101010101
03/29/22 18:08:19: User get data
0101010101010101010101010101010101010101010101010101010101010101010101010101010101010101010101010101010101010101010101010101010101010101010101010101010101010101010101010101010101010101010101010101010101010101010101010101010101010101010101010101010101
03/29/22 18:08:20: User get data
0101010101010101010101010101010101010101010101010101010101010101010101010101010101010101010101010101010101010101010101010101010101010101010101010101010101010101010101010101010101010101010101010101010101010101010101010101010101010101010101010101010101
03/29/22 18:08:20: Send data
10001111011110110111100111110110111100000011101101011010100111100101011001101100001110
03/29/22 18:08:20: Received data
03/29/22 18:08:21: User get data
0101010101010101010101010101010101100011110111101101111001111101101111000000111011010110101001111001010110011011000011100101010101010101010101010101010101010101010101010101010101010101010101010101010101010101010101010101010101010101010101010101010101
03/29/22 18:08:45: Send data
10101111011110010111100110110110111100000001101101011010110111100001010001101100001110
03/29/22 18:08:45: Received data
03/29/22 18:08:45: User get data
0101010101010101010101010101010101010101010101010101010101010101010101010101010101010101111011110010111100110110110111100000001101101011010110111100001010001101100001110101010101010101010101010101010101010101010101010101010101010101010101010101010101
03/29/22 18:09:07: Config changed
Packet error rate = 0
03/29/22 18:09:08: Send data
10001111011110010111100111110110111100000001101101011010100111100001011001101100001110
03/29/22 18:09:08: Received data
03/29/22 18:09:10: User get data
0101010101010101010101010101010101010101010101010101010101010101010101010101010101010101010101010101010101010101010101010101010101010101010101010101010101010101010101010101010101010101010101010101010101010101010101010101010101010101010101010101010101
03/29/22 18:09:11: User get data
0101010101010101010101010101010101010101010101010101010101010101010101010101010101010101010101010101010101010101010101010101010101010101010101010101010101010101010101010101010101010101010101010100011110111100101111001111101101111000000011011010110101
03/29/22 18:09:12: User get data
0011110000101100110110000111010101010101010101010101010101010101010101010101010101010101010101010101010101010101010101010101010101010101010101010101010101010101010101010101010101010101010101010101010101010101010101010101010101010101010101010101010101
03/29/22 18:09:13: User get data
0101010101010101010101010101010101010101010101010101010101010101010101010101010101010101010101010101010101010101010101010101010101010101010101010101010101010101010101010101010101010101010101010101010101010101010101010101010101010101010101010101010101
03/29/22 18:09:15: Send data
10001111011110010111100111110110111100000001101101011010100111100001011001101100001110
03/29/22 18:09:15: Received data
03/29/22 18:09:15: User get data
0101010101010101010101010101010101010101011000111101111001011110011111011011110000000110110101101010011110000101100110110000111001010101010101010101010101010101010101010101010101010101010101010101010101010101010101010101010101010101010101010101010101
03/29/22 18:10:12: File Closed
03/29/22 23:05:17: File opened
03/29/22 23:05:28: Experiment started
03/29/22 23:05:29: Connected to peer
03/29/22 23:05:29: Peer Connected
127.0.0.1
03/29/22 23:05:33: Config changed
Packet error rate = 0
03/29/22 23:05:35: User get data
0101010101010101010101010101010101010101010101010101010101010101010101010101010101010101010101010101010101010101010101010101010101010101010101010101010101010101010101010101010101010101010101010101010101010101010101010101010101010101010101010101010101
03/29/22 23:05:38: User get data
0101010101010101010101010101010101010101010101010101010101010101010101010101010101010101010101010101010101010101010101010101010101010101010101010101010101010101010101010101010101010101010101010101010101010101010101010101010101010101010101010101010101
03/29/22 23:05:41: Send data
1000100101001101101000001100000101111001001100101011001000111110101110
03/29/22 23:05:41: Received data
03/29/22 23:05:41: User get data
0101010101010101010101010101010101010101010101010101010101010101010101010101010101010101010101010101010101010101010101010101010101010101010101010101010101010101010101010101010101010101010101010101010101010101010101010101010101010101010101010101010101
03/29/22 23:05:42: User get data
0101010101010101010101010101010101010101010101010101010101100010010100110110100000110000010111100100110010101100100011111010111001010101010101010101010101010101010101010101010101010101010101010101010101010101010101010101010101010101010101010101010101
03/29/22 23:07:44: Send data
100011110000100101101011110011110110100000110010011011001111111011010111110111111100110111101111101101011010011111100000010110110101001011011001011110100111101011111100111001110
03/29/22 23:07:44: Received data
03/29/22 23:07:45: User get data
0101010101010101010101010101010101010101010101010101010101010101010101010101010101010101010101010101010101010101010101010101010101010101010101010101010101010101100011110000100101101011110011110110100000110010011011001111111011010111110111111100110111
03/29/22 23:07:46: User get data
1011111011010110100111111000000101101101010010110110010111101001111010111111001110011101010101010101010101010101010101010101010101010101010101010101010101010101010101010101010101010101010101010101010101010101010101010101010101010101010101010101010101
03/29/22 23:07:46: User get data
0101010101010101010101010101010101010101010101010101010101010101010101010101010101010101010101010101010101010101010101010101010101010101010101010101010101010101010101010101010101010101010101010101010101010101010101010101010101010101010101010101010101
03/29/22 23:07:46: User get data
0101010101010101010101010101010101010101010101010101010101010101010101010101010101010101010101010101010101010101010101010101010101010101010101010101010101010101010101010101010101010101010101010101010101010101010101010101010101010101010101010101010101
03/29/22 23:07:46: User get data
0101010101010101010101010101010101010101010101010101010101010101010101010101010101010101010101010101010101010101010101010101010101010101010101010101010101010101010101010101010101010101010101010101010101010101010101010101010101010101010101010101010101
03/29/22 23:07:46: User get data
0101010101010101010101010101010101010101010101010101010101010101010101010101010101010101010101010101010101010101010101010101010101010101010101010101010101010101010101010101010101010101010101010101010101010101010101010101010101010101010101010101010101
03/29/22 23:07:47: Send data
100011110000100101101011110011110110100000110010011011001111111011010111110111111100110111101111101101011010011111100000010110110101001011011001011110100111101011111100111001110
03/29/22 23:07:47: Received data
03/29/22 23:07:49: User get data
0101010101010101010101010101010101010101010101010101010110001111000010010110101111001111011010000011001001101100111111101101011111011111110011011110111110110101101001111110000001011011010100101101100101111010011110101111110011100111010101010101010101
03/29/22 23:08:04: User get data
0101010101010101010101010101010101010101010101010101010101010101010101010101010101010101010101010101010101010101010101010101010101010101010101010101010101010101010101010101010101010101010101010101010101010101010101010101010101010101010101010101010101
03/29/22 23:11:06: File Closed
03/30/22 21:04:07: File opened
03/30/22 21:04:15: Experiment started
03/30/22 21:04:16: Connected to peer
03/30/22 21:04:17: Peer Connected
127.0.0.1
03/30/22 21:04:20: Send data
0000111110001111011010111101001111101011111100001101011111111011111001011111001111100111101101001010010111101000010001110001110
03/30/22 21:04:20: Received data
03/30/22 21:04:21: User get data
0101010101010101010101010101010101010101010101010101010101010101010101010101010101010101010101010101010101010101010101010101010101010101010101010101010101010101010101010101010101010101010101010101010101010101010101010101010000111110001111011010111101
03/30/22 21:04:35: User get data
0011111010111111000011010111111110111110010111110011111001111011010010100101111010000100011100011101010101010101010101010101010101010101010101010101010101010101010101010101010101010101010101010101010101010101010101010101010101010101010101010101010101
03/30/22 21:04:52: User get data
0101010101010101010101010101010101010101010101010101010101010101010101010101010101010101010101010101010101010101010101010101010101010101010101010101010101010101010101010101010101010101010101010101010101010101010101010101010101010101010101010101010101
03/30/22 21:04:52: User get data
0101010101010101010101010101010101010101010101010101010101010101010101010101010101010101010101010101010101010101010101010101010101010101010101010101010101010101010101010101010101010101010101010101010101010101010101010101010101010101010101010101010101
03/30/22 21:04:52: User get data
0101010101010101010101010101010101010101010101010101010101010101010101010101010101010101010101010101010101010101010101010101010101010101010101010101010101010101010101010101010101010101010101010101010101010101010101010101010101010101010101010101010101
03/30/22 21:04:53: User get data
0101010101010101010101010101010101010101010101010101010101010101010101010101010101010101010101010101010101010101010101010101010101010101010101010101010101010101010101010101010101010101010101010101010101010101010101010101010101010101010101010101010101
03/30/22 21:04:53: Send data
1000110110010111011010111101001111101010111100001101011111111011111001011101101111100111101101001010010111101000011001110001110
03/30/22 21:04:53: Received data
03/30/22 21:04:54: User get data
0101010101010101010101010101010101010101010101010101010101010101010101010101010101010101010101010101010101010101010101010101010101010101010101010101010110001101100101110110101111010011111010101111000011010111111110111110010111011011111001111011010010
03/30/22 21:05:11: User get data
1001011110100001100111000111010101010101010101010101010101010101010101010101010101010101010101010101010101010101010101010101010101010101010101010101010101010101010101010101010101010101010101010101010101010101010101010101010101010101010101010101010101
03/30/22 21:05:26: Config changed
Packet error rate = 0
03/30/22 21:05:28: User get data
0101010101010101010101010101010101010101010101010101010101010101010101010101010101010101010101010101010101010101010101010101010101010101010101010101010101010101010101010101010101010101010101010101010101010101010101010101010101010101010101010101010101
03/30/22 21:05:28: User get data
0101010101010101010101010101010101010101010101010101010101010101010101010101010101010101010101010101010101010101010101010101010101010101010101010101010101010101010101010101010101010101010101010101010101010101010101010101010101010101010101010101010101
03/30/22 21:05:28: User get data
0101010101010101010101010101010101010101010101010101010101010101010101010101010101010101010101010101010101010101010101010101010101010101010101010101010101010101010101010101010101010101010101010101010101010101010101010101010101010101010101010101010101
03/30/22 21:05:28: Send data
1000111110011111011010111101001111101011111100001101011111111011111001011111001111100111101101001010011111101000011001110001110
03/30/22 21:05:28: Received data
03/30/22 21:05:29: User get data
0101010101010101010101010101010101010101010101010101010101010101010101010101010101010101010101010101010101010101010101010101010101010101010101010101010101010101010101010101010101010101010101010101010101010101010001111100111110110101111010011111010111
03/30/22 21:05:37: User get data
1110000110101111111101111100101111100111110011110110100101001111110100001100111000111001010101010101010101010101010101010101010101010101010101010101010101010101010101010101010101010101010101010101010101010101010101010101010101010101010101010101010101
03/30/22 21:07:03: User get data
0101010101010101010101010101010101010101010101010101010101010101010101010101010101010101010101010101010101010101010101010101010101010101010101010101010101010101010101010101010101010101010101010101010101010101010101010101010101010101010101010101010101
03/30/22 21:07:04: User get data
0101010101010101010101010101010101010101010101010101010101010101010101010101010101010101010101010101010101010101010101010101010101010101010101010101010101010101010101010101010101010101010101010101010101010101010101010101010101010101010101010101010101
03/30/22 21:07:04: User get data
0101010101010101010101010101010101010101010101010101010101010101010101010101010101010101010101010101010101010101010101010101010101010101010101010101010101010101010101010101010101010101010101010101010101010101010101010101010101010101010101010101010101
03/30/22 21:07:07: Send data
10001001010101010000101010100110101010000100000111100111001110
03/30/22 21:07:07: Received data
03/30/22 21:07:07: User get data
0101010101010101010101010101010101010101010101010101010101010101010101010101010101010101010101010101010101010101010101010101010101010101010101010101010101010101010101010101010101010101010101010101010101010101010101010101010101010101010001001010101010
03/30/22 21:07:17: User get data
0001010101001101010100001000001111001110011101010101010101010101010101010101010101010101010101010101010101010101010101010101010101010101010101010101010101010101010101010101010101010101010101010101010101010101010101010101010101010101010101010101010101
03/30/22 21:08:30: User get data
0101010101010101010101010101010101010101010101010101010101010101010101010101010101010101010101010101010101010101010101010101010101010101010101010101010101010101010101010101010101010101010101010101010101010101010101010101010101010101010101010101010101
03/30/22 21:08:31: User get data
0101010101010101010101010101010101010101010101010101010101010101010101010101010101010101010101010101010101010101010101010101010101010101010101010101010101010101010101010101010101010101010101010101010101010101010101010101010101010101010101010101010101
03/30/22 21:08:31: User get data
0101010101010101010101010101010101010101010101010101010101010101010101010101010101010101010101010101010101010101010101010101010101010101010101010101010101010101010101010101010101010101010101010101010101010101010101010101010101010101010101010101010101
03/30/22 21:08:31: User get data
0101010101010101010101010101010101010101010101010101010101010101010101010101010101010101010101010101010101010101010101010101010101010101010101010101010101010101010101010101010101010101010101010101010101010101010101010101010101010101010101010101010101
03/30/22 21:08:31: Send data
10001001010101010000101010100110101010000100000111100111001110
03/30/22 21:08:31: Received data
03/30/22 21:08:32: User get data
0101010101010101010101010101010101010101010101010101010101010101010101010101010101010101010101010101010101010101010101010101010101010101010101010101010101010101010101010101010101010101010101010101010101010101010101010101010101010101010101010101010101
03/30/22 21:08:33: User get data
0101010101010101010101010101010101010101010101010101010101010101010101010101010101010101010101010101010101010101010101010101010101010101011000100101010101000010101010011010101000010000011110011100111001010101010101010101010101010101010101010101010101
03/30/22 21:14:58: File Closed
