  Console.cpp
    正在创建库 D:\Work\UESTC-WORK\C++\NetworkVisualization\x64\Debug\Console.lib 和对象 D:\Work\UESTC-WORK\C++\NetworkVisualization\x64\Debug\Console.exp
Console.obj : error LNK2019: 无法解析的外部符号 "__declspec(dllimport) public: __cdecl QWidget::QWidget(class QWidget *,class QFlags<enum Qt::WindowType>)" (__imp_??0QWidget@@QEAA@PEAV0@V?$QFlags@W4WindowType@Qt@@@@@Z)，函数 "public: __cdecl Console::Console(void)" (??0Console@@QEAA@XZ) 中引用了该符号
Console.obj : error LNK2019: 无法解析的外部符号 "__declspec(dllimport) public: virtual __cdecl QWidget::~QWidget(void)" (__imp_??1QWidget@@UEAA@XZ)，函数 "public: virtual __cdecl Console::~Console(void)" (??1Console@@UEAA@XZ) 中引用了该符号
Console.obj : error LNK2019: 无法解析的外部符号 "__declspec(dllimport) public: static enum QMessageBox::StandardButton __cdecl QMessageBox::critical(class QWidget *,class QString const &,class QString const &,class QFlags<enum QMessageBox::StandardButton>,enum QMessageBox::StandardButton)" (__imp_?critical@QMessageBox@@SA?AW4StandardButton@1@PEAVQWidget@@AEBVQString@@1V?$QFlags@W4StandardButton@QMessageBox@@@@W421@@Z)，函数 "public: static void __cdecl Console::loadFileAndShow(void)" (?loadFileAndShow@Console@@SAXXZ) 中引用了该符号
Console.obj : error LNK2019: 无法解析的外部符号 "__declspec(dllimport) public: static class QString __cdecl QFileDialog::getOpenFileName(class QWidget *,class QString const &,class QString const &,class QString const &,class QString *,class QFlags<enum QFileDialog::Option>)" (__imp_?getOpenFileName@QFileDialog@@SA?AVQString@@PEAVQWidget@@AEBV2@11PEAV2@V?$QFlags@W4Option@QFileDialog@@@@@Z)，函数 "public: static void __cdecl Console::loadFileAndShow(void)" (?loadFileAndShow@Console@@SAXXZ) 中引用了该符号
Console.obj : error LNK2001: 无法解析的外部符号 "protected: virtual void __cdecl QWidget::actionEvent(class QActionEvent *)" (?actionEvent@QWidget@@MEAAXPEAVQActionEvent@@@Z)
Console.obj : error LNK2001: 无法解析的外部符号 "protected: virtual void __cdecl QWidget::changeEvent(class QEvent *)" (?changeEvent@QWidget@@MEAAXPEAVQEvent@@@Z)
Console.obj : error LNK2001: 无法解析的外部符号 "protected: virtual void __cdecl QWidget::closeEvent(class QCloseEvent *)" (?closeEvent@QWidget@@MEAAXPEAVQCloseEvent@@@Z)
Console.obj : error LNK2001: 无法解析的外部符号 "protected: virtual void __cdecl QWidget::contextMenuEvent(class QContextMenuEvent *)" (?contextMenuEvent@QWidget@@MEAAXPEAVQContextMenuEvent@@@Z)
Console.obj : error LNK2001: 无法解析的外部符号 "public: virtual int __cdecl QWidget::devType(void)const " (?devType@QWidget@@UEBAHXZ)
Console.obj : error LNK2001: 无法解析的外部符号 "protected: virtual void __cdecl QWidget::dragEnterEvent(class QDragEnterEvent *)" (?dragEnterEvent@QWidget@@MEAAXPEAVQDragEnterEvent@@@Z)
Console.obj : error LNK2001: 无法解析的外部符号 "protected: virtual void __cdecl QWidget::dragLeaveEvent(class QDragLeaveEvent *)" (?dragLeaveEvent@QWidget@@MEAAXPEAVQDragLeaveEvent@@@Z)
Console.obj : error LNK2001: 无法解析的外部符号 "protected: virtual void __cdecl QWidget::dragMoveEvent(class QDragMoveEvent *)" (?dragMoveEvent@QWidget@@MEAAXPEAVQDragMoveEvent@@@Z)
Console.obj : error LNK2001: 无法解析的外部符号 "protected: virtual void __cdecl QWidget::dropEvent(class QDropEvent *)" (?dropEvent@QWidget@@MEAAXPEAVQDropEvent@@@Z)
Console.obj : error LNK2001: 无法解析的外部符号 "protected: virtual void __cdecl QWidget::enterEvent(class QEvent *)" (?enterEvent@QWidget@@MEAAXPEAVQEvent@@@Z)
Console.obj : error LNK2001: 无法解析的外部符号 "protected: virtual bool __cdecl QWidget::event(class QEvent *)" (?event@QWidget@@MEAA_NPEAVQEvent@@@Z)
Console.obj : error LNK2001: 无法解析的外部符号 "protected: virtual void __cdecl QWidget::focusInEvent(class QFocusEvent *)" (?focusInEvent@QWidget@@MEAAXPEAVQFocusEvent@@@Z)
Console.obj : error LNK2001: 无法解析的外部符号 "protected: virtual bool __cdecl QWidget::focusNextPrevChild(bool)" (?focusNextPrevChild@QWidget@@MEAA_N_N@Z)
Console.obj : error LNK2001: 无法解析的外部符号 "protected: virtual void __cdecl QWidget::focusOutEvent(class QFocusEvent *)" (?focusOutEvent@QWidget@@MEAAXPEAVQFocusEvent@@@Z)
Console.obj : error LNK2001: 无法解析的外部符号 "public: virtual bool __cdecl QWidget::hasHeightForWidth(void)const " (?hasHeightForWidth@QWidget@@UEBA_NXZ)
Console.obj : error LNK2001: 无法解析的外部符号 "public: virtual int __cdecl QWidget::heightForWidth(int)const " (?heightForWidth@QWidget@@UEBAHH@Z)
Console.obj : error LNK2001: 无法解析的外部符号 "protected: virtual void __cdecl QWidget::hideEvent(class QHideEvent *)" (?hideEvent@QWidget@@MEAAXPEAVQHideEvent@@@Z)
Console.obj : error LNK2001: 无法解析的外部符号 "protected: virtual void __cdecl QWidget::initPainter(class QPainter *)const " (?initPainter@QWidget@@MEBAXPEAVQPainter@@@Z)
Console.obj : error LNK2001: 无法解析的外部符号 "protected: virtual void __cdecl QWidget::inputMethodEvent(class QInputMethodEvent *)" (?inputMethodEvent@QWidget@@MEAAXPEAVQInputMethodEvent@@@Z)
Console.obj : error LNK2001: 无法解析的外部符号 "public: virtual class QVariant __cdecl QWidget::inputMethodQuery(enum Qt::InputMethodQuery)const " (?inputMethodQuery@QWidget@@UEBA?AVQVariant@@W4InputMethodQuery@Qt@@@Z)
Console.obj : error LNK2001: 无法解析的外部符号 "protected: virtual void __cdecl QWidget::keyPressEvent(class QKeyEvent *)" (?keyPressEvent@QWidget@@MEAAXPEAVQKeyEvent@@@Z)
Console.obj : error LNK2001: 无法解析的外部符号 "protected: virtual void __cdecl QWidget::keyReleaseEvent(class QKeyEvent *)" (?keyReleaseEvent@QWidget@@MEAAXPEAVQKeyEvent@@@Z)
Console.obj : error LNK2001: 无法解析的外部符号 "protected: virtual void __cdecl QWidget::leaveEvent(class QEvent *)" (?leaveEvent@QWidget@@MEAAXPEAVQEvent@@@Z)
Console.obj : error LNK2001: 无法解析的外部符号 "public: virtual struct QMetaObject const * __cdecl QWidget::metaObject(void)const " (?metaObject@QWidget@@UEBAPEBUQMetaObject@@XZ)
Console.obj : error LNK2001: 无法解析的外部符号 "protected: virtual int __cdecl QWidget::metric(enum QPaintDevice::PaintDeviceMetric)const " (?metric@QWidget@@MEBAHW4PaintDeviceMetric@QPaintDevice@@@Z)
Console.obj : error LNK2001: 无法解析的外部符号 "public: virtual class QSize __cdecl QWidget::minimumSizeHint(void)const " (?minimumSizeHint@QWidget@@UEBA?AVQSize@@XZ)
Console.obj : error LNK2001: 无法解析的外部符号 "protected: virtual void __cdecl QWidget::mouseDoubleClickEvent(class QMouseEvent *)" (?mouseDoubleClickEvent@QWidget@@MEAAXPEAVQMouseEvent@@@Z)
Console.obj : error LNK2001: 无法解析的外部符号 "protected: virtual void __cdecl QWidget::mouseMoveEvent(class QMouseEvent *)" (?mouseMoveEvent@QWidget@@MEAAXPEAVQMouseEvent@@@Z)
Console.obj : error LNK2001: 无法解析的外部符号 "protected: virtual void __cdecl QWidget::mousePressEvent(class QMouseEvent *)" (?mousePressEvent@QWidget@@MEAAXPEAVQMouseEvent@@@Z)
Console.obj : error LNK2001: 无法解析的外部符号 "protected: virtual void __cdecl QWidget::mouseReleaseEvent(class QMouseEvent *)" (?mouseReleaseEvent@QWidget@@MEAAXPEAVQMouseEvent@@@Z)
Console.obj : error LNK2001: 无法解析的外部符号 "protected: virtual void __cdecl QWidget::moveEvent(class QMoveEvent *)" (?moveEvent@QWidget@@MEAAXPEAVQMoveEvent@@@Z)
Console.obj : error LNK2001: 无法解析的外部符号 "protected: virtual bool __cdecl QWidget::nativeEvent(class QByteArray const &,void *,long *)" (?nativeEvent@QWidget@@MEAA_NAEBVQByteArray@@PEAXPEAJ@Z)
Console.obj : error LNK2001: 无法解析的外部符号 "public: virtual class QPaintEngine * __cdecl QWidget::paintEngine(void)const " (?paintEngine@QWidget@@UEBAPEAVQPaintEngine@@XZ)
Console.obj : error LNK2001: 无法解析的外部符号 "protected: virtual void __cdecl QWidget::paintEvent(class QPaintEvent *)" (?paintEvent@QWidget@@MEAAXPEAVQPaintEvent@@@Z)
Console.obj : error LNK2001: 无法解析的外部符号 "public: virtual int __cdecl QWidget::qt_metacall(enum QMetaObject::Call,int,void * *)" (?qt_metacall@QWidget@@UEAAHW4Call@QMetaObject@@HPEAPEAX@Z)
Console.obj : error LNK2001: 无法解析的外部符号 "public: virtual void * __cdecl QWidget::qt_metacast(char const *)" (?qt_metacast@QWidget@@UEAAPEAXPEBD@Z)
Console.obj : error LNK2001: 无法解析的外部符号 "protected: virtual class QPaintDevice * __cdecl QWidget::redirected(class QPoint *)const " (?redirected@QWidget@@MEBAPEAVQPaintDevice@@PEAVQPoint@@@Z)
Console.obj : error LNK2001: 无法解析的外部符号 "protected: virtual void __cdecl QWidget::resizeEvent(class QResizeEvent *)" (?resizeEvent@QWidget@@MEAAXPEAVQResizeEvent@@@Z)
Console.obj : error LNK2001: 无法解析的外部符号 "public: virtual void __cdecl QWidget::setVisible(bool)" (?setVisible@QWidget@@UEAAX_N@Z)
Console.obj : error LNK2001: 无法解析的外部符号 "protected: virtual class QPainter * __cdecl QWidget::sharedPainter(void)const " (?sharedPainter@QWidget@@MEBAPEAVQPainter@@XZ)
Console.obj : error LNK2001: 无法解析的外部符号 "protected: virtual void __cdecl QWidget::showEvent(class QShowEvent *)" (?showEvent@QWidget@@MEAAXPEAVQShowEvent@@@Z)
Console.obj : error LNK2001: 无法解析的外部符号 "public: virtual class QSize __cdecl QWidget::sizeHint(void)const " (?sizeHint@QWidget@@UEBA?AVQSize@@XZ)
Console.obj : error LNK2001: 无法解析的外部符号 "protected: virtual void __cdecl QWidget::tabletEvent(class QTabletEvent *)" (?tabletEvent@QWidget@@MEAAXPEAVQTabletEvent@@@Z)
Console.obj : error LNK2001: 无法解析的外部符号 "protected: virtual void __cdecl QWidget::wheelEvent(class QWheelEvent *)" (?wheelEvent@QWidget@@MEAAXPEAVQWheelEvent@@@Z)
D:\Work\UESTC-WORK\C++\NetworkVisualization\x64\Debug\Console.dll : fatal error LNK1120: 48 个无法解析的外部命令
